<?xml version="1.0" encoding="UTF-8"?>
<!-- Generated by org.testng.reporters.JUnitReportReporter -->
<testsuite hostname="TYSS-Prabhat" failures="0" tests="1" name="com.practice.testfiles.LogInTest" time="1.287" errors="0" timestamp="2023-12-07T09:51:16 IST" skipped="0">
  <testcase classname="com.practice.testfiles.LogInTest" name="logInOrangeHRM" time="1.287"/>
  <system-out/>
</testsuite> <!-- com.practice.testfiles.LogInTest -->
